<?xml version="1.0" encoding="UTF-8"?>
<testng-results ignored="0" total="1" passed="1" failed="0" skipped="0">
  <reporter-output>
  </reporter-output>
  <suite started-at="2022-12-10T09:09:50 IST" name="Suite" finished-at="2022-12-10T09:11:40 IST" duration-ms="109871">
    <groups>
    </groups>
    <test started-at="2022-12-10T09:09:50 IST" name="Test Chrome" finished-at="2022-12-10T09:11:40 IST" duration-ms="109871">
      <class name="com.qa.testscripts.TC_AmazonSearch_001">
        <test-method is-config="true" signature="Setup(java.lang.String,java.lang.String)[pri:0, instance:com.qa.testscripts.TC_AmazonSearch_001@47987356]" started-at="2022-12-10T09:09:51 IST" name="Setup" finished-at="2022-12-10T09:11:07 IST" duration-ms="76328" status="PASS">
          <params>
            <param index="0">
              <value>
                <![CDATA[Chrome]]>
              </value>
            </param>
            <param index="1">
              <value>
                <![CDATA[http://www.amazon.in]]>
              </value>
            </param>
          </params>
          <reporter-output>
          </reporter-output>
        </test-method> <!-- Setup -->
        <test-method signature="Search(java.lang.String,java.lang.String)[pri:0, instance:com.qa.testscripts.TC_AmazonSearch_001@47987356]" started-at="2022-12-10T09:11:07 IST" name="Search" finished-at="2022-12-10T09:11:40 IST" duration-ms="33372" status="PASS">
          <params>
            <param index="0">
              <value>
                <![CDATA[Chrome]]>
              </value>
            </param>
            <param index="1">
              <value>
                <![CDATA[http://www.amazon.in]]>
              </value>
            </param>
          </params>
          <reporter-output>
          </reporter-output>
        </test-method> <!-- Search -->
      </class> <!-- com.qa.testscripts.TC_AmazonSearch_001 -->
    </test> <!-- Test Chrome -->
  </suite> <!-- Suite -->
</testng-results>
